h:\onedrive - stu.xust.edu.cn\code\leetcodesubject\leetcode-cpp\1281. 整数的各位积和之差\debug\vc141.pdb
h:\onedrive - stu.xust.edu.cn\code\leetcodesubject\leetcode-cpp\1281. 整数的各位积和之差\debug\vc141.idb
h:\onedrive - stu.xust.edu.cn\code\leetcodesubject\leetcode-cpp\1281. 整数的各位积和之差\debug\solution_2.obj
h:\onedrive - stu.xust.edu.cn\code\leetcodesubject\leetcode-cpp\1281. 整数的各位积和之差\debug\solution_1.obj
h:\onedrive - stu.xust.edu.cn\code\leetcodesubject\leetcode-cpp\debug\1281. 整数的各位积和之差.exe
h:\onedrive - stu.xust.edu.cn\code\leetcodesubject\leetcode-cpp\debug\1281. 整数的各位积和之差.ilk
h:\onedrive - stu.xust.edu.cn\code\leetcodesubject\leetcode-cpp\debug\1281. 整数的各位积和之差.pdb
h:\onedrive - stu.xust.edu.cn\code\leetcodesubject\leetcode-cpp\1281. 整数的各位积和之差\debug\main.obj
h:\onedrive - stu.xust.edu.cn\code\leetcodesubject\leetcode-cpp\1281. 整数的各位积和之差\debug\1281. 整数的各位积和之差.tlog\cl.command.1.tlog
h:\onedrive - stu.xust.edu.cn\code\leetcodesubject\leetcode-cpp\1281. 整数的各位积和之差\debug\1281. 整数的各位积和之差.tlog\cl.read.1.tlog
h:\onedrive - stu.xust.edu.cn\code\leetcodesubject\leetcode-cpp\1281. 整数的各位积和之差\debug\1281. 整数的各位积和之差.tlog\cl.write.1.tlog
h:\onedrive - stu.xust.edu.cn\code\leetcodesubject\leetcode-cpp\1281. 整数的各位积和之差\debug\1281. 整数的各位积和之差.tlog\link-cvtres.read.1.tlog
h:\onedrive - stu.xust.edu.cn\code\leetcodesubject\leetcode-cpp\1281. 整数的各位积和之差\debug\1281. 整数的各位积和之差.tlog\link-cvtres.write.1.tlog
h:\onedrive - stu.xust.edu.cn\code\leetcodesubject\leetcode-cpp\1281. 整数的各位积和之差\debug\1281. 整数的各位积和之差.tlog\link-rc.read.1.tlog
h:\onedrive - stu.xust.edu.cn\code\leetcodesubject\leetcode-cpp\1281. 整数的各位积和之差\debug\1281. 整数的各位积和之差.tlog\link-rc.write.1.tlog
h:\onedrive - stu.xust.edu.cn\code\leetcodesubject\leetcode-cpp\1281. 整数的各位积和之差\debug\1281. 整数的各位积和之差.tlog\link.17244-cvtres.read.1.tlog
h:\onedrive - stu.xust.edu.cn\code\leetcodesubject\leetcode-cpp\1281. 整数的各位积和之差\debug\1281. 整数的各位积和之差.tlog\link.17244-cvtres.write.1.tlog
h:\onedrive - stu.xust.edu.cn\code\leetcodesubject\leetcode-cpp\1281. 整数的各位积和之差\debug\1281. 整数的各位积和之差.tlog\link.17244-rc.read.1.tlog
h:\onedrive - stu.xust.edu.cn\code\leetcodesubject\leetcode-cpp\1281. 整数的各位积和之差\debug\1281. 整数的各位积和之差.tlog\link.17244-rc.write.1.tlog
h:\onedrive - stu.xust.edu.cn\code\leetcodesubject\leetcode-cpp\1281. 整数的各位积和之差\debug\1281. 整数的各位积和之差.tlog\link.17244.read.1.tlog
h:\onedrive - stu.xust.edu.cn\code\leetcodesubject\leetcode-cpp\1281. 整数的各位积和之差\debug\1281. 整数的各位积和之差.tlog\link.17244.write.1.tlog
h:\onedrive - stu.xust.edu.cn\code\leetcodesubject\leetcode-cpp\1281. 整数的各位积和之差\debug\1281. 整数的各位积和之差.tlog\link.command.1.tlog
h:\onedrive - stu.xust.edu.cn\code\leetcodesubject\leetcode-cpp\1281. 整数的各位积和之差\debug\1281. 整数的各位积和之差.tlog\link.read.1.tlog
h:\onedrive - stu.xust.edu.cn\code\leetcodesubject\leetcode-cpp\1281. 整数的各位积和之差\debug\1281. 整数的各位积和之差.tlog\link.write.1.tlog
